{"Page Pagination":1,"action":"get Products","filter":null,"level":"info","msg":"User action logged","page":"produtcs","sort":0,"time":"2024-12-29T14:13:39+05:00","timestamp":"2024-12-29T14:13:39+05:00","user_id":"1"}
{"Page Pagination":1,"action":"get Products","filter":["Clothes","Accessories"],"level":"info","msg":"User action logged","page":"produtcs","sort":1,"time":"2024-12-29T14:13:58+05:00","timestamp":"2024-12-29T14:13:58+05:00","user_id":"1"}
{"Page Pagination":1,"action":"get Products","filter":["Clothes","Accessories"],"level":"info","msg":"User action logged","page":"produtcs","sort":1,"time":"2024-12-29T14:18:39+05:00","timestamp":"2024-12-29T14:18:39+05:00","user_id":"1"}
{"Page Pagination":1,"action":"get Products","filter":null,"level":"info","msg":"User action logged","page":"produtcs","sort":0,"time":"2024-12-29T14:18:57+05:00","timestamp":"2024-12-29T14:18:57+05:00","user_id":"1"}
{"Page Pagination":1,"action":"get Products","filter":null,"level":"info","msg":"User action logged","page":"produtcs","sort":0,"time":"2024-12-29T14:19:30+05:00","timestamp":"2024-12-29T14:19:30+05:00","user_id":"1"}
{"Page Pagination":1,"action":"get Products","filter":["Books"],"level":"info","msg":"User action logged","page":"produtcs","sort":1,"time":"2024-12-29T14:19:39+05:00","timestamp":"2024-12-29T14:19:39+05:00","user_id":"1"}
{"action":"Get Product","level":"info","msg":"User action logged","page":"10","time":"2024-12-29T14:19:51+05:00","timestamp":"2024-12-29T14:19:51+05:00","user_id":"1"}
{"Page Pagination":1,"action":"get Products","filter":null,"level":"info","msg":"User action logged","page":"produtcs","sort":0,"time":"2024-12-29T14:21:05+05:00","timestamp":"2024-12-29T14:21:05+05:00","user_id":"1"}
{"action":"Wireless Earbuds","level":"info","msg":"User action logged","page":"1","time":"2024-12-29T14:21:12+05:00","timestamp":"2024-12-29T14:21:12+05:00","user_id":"1"}
{"Page Pagination":1,"action":"get Products","filter":null,"level":"info","msg":"User action logged","page":"produtcs","sort":"","time":"2024-12-29T15:29:12+05:00","timestamp":"2024-12-29T15:29:12+05:00","user_id":"1"}
{"Page Pagination":1,"action":"get Products","filter":null,"level":"info","msg":"User action logged","page":"produtcs","sort":"","time":"2024-12-29T15:29:57+05:00","timestamp":"2024-12-29T15:29:57+05:00","user_id":"1"}
{"Page Pagination":1,"action":"get Products","filter":null,"level":"info","msg":"User action logged","page":"produtcs","sort":"","time":"2024-12-29T15:31:56+05:00","timestamp":"2024-12-29T15:31:56+05:00","user_id":"1"}
{"Page Pagination":3,"action":"get Products","filter":null,"level":"info","msg":"User action logged","page":"produtcs","sort":"","time":"2024-12-29T15:32:01+05:00","timestamp":"2024-12-29T15:32:01+05:00","user_id":"1"}
{"Page Pagination":3,"action":"get Products","filter":null,"level":"info","msg":"User action logged","page":"produtcs","sort":"","time":"2024-12-29T15:33:00+05:00","timestamp":"2024-12-29T15:33:00+05:00","user_id":"1"}
{"Page Pagination":1,"action":"get Products","filter":null,"level":"info","msg":"User action logged","page":"produtcs","sort":"","time":"2024-12-29T15:33:36+05:00","timestamp":"2024-12-29T15:33:36+05:00","user_id":"1"}
{"Page Pagination":1,"action":"get Products","filter":null,"level":"info","msg":"User action logged","page":"produtcs","sort":"","time":"2024-12-29T15:40:34+05:00","timestamp":"2024-12-29T15:40:34+05:00","user_id":"1"}
{"Page Pagination":1,"action":"get Products","filter":null,"level":"info","msg":"User action logged","page":"produtcs","sort":"","time":"2024-12-29T15:43:39+05:00","timestamp":"2024-12-29T15:43:39+05:00","user_id":"1"}
{"Page Pagination":1,"action":"get Products","filter":null,"level":"info","msg":"User action logged","page":"produtcs","sort":"","time":"2024-12-29T15:43:40+05:00","timestamp":"2024-12-29T15:43:40+05:00","user_id":"1"}
{"Page Pagination":1,"action":"get Products","filter":null,"level":"info","msg":"User action logged","page":"produtcs","sort":"","time":"2024-12-29T15:43:47+05:00","timestamp":"2024-12-29T15:43:47+05:00","user_id":"1"}
{"Page Pagination":1,"action":"get Products","filter":null,"level":"info","msg":"User action logged","page":"produtcs","sort":"","time":"2024-12-29T15:44:16+05:00","timestamp":"2024-12-29T15:44:16+05:00","user_id":"1"}
{"Page Pagination":1,"action":"get Products","filter":null,"level":"info","msg":"User action logged","page":"produtcs","sort":"","time":"2024-12-29T15:44:17+05:00","timestamp":"2024-12-29T15:44:17+05:00","user_id":"1"}
{"Page Pagination":1,"action":"get Products","filter":null,"level":"info","msg":"User action logged","page":"produtcs","sort":"","time":"2024-12-29T15:44:18+05:00","timestamp":"2024-12-29T15:44:18+05:00","user_id":"1"}
{"Page Pagination":1,"action":"get Products","filter":null,"level":"info","msg":"User action logged","page":"produtcs","sort":"","time":"2024-12-29T15:44:18+05:00","timestamp":"2024-12-29T15:44:18+05:00","user_id":"1"}
{"Page Pagination":2,"action":"get Products","filter":null,"level":"info","msg":"User action logged","page":"produtcs","sort":"","time":"2024-12-29T15:44:23+05:00","timestamp":"2024-12-29T15:44:23+05:00","user_id":"1"}
{"Page Pagination":2,"action":"get Products","filter":null,"level":"info","msg":"User action logged","page":"produtcs","sort":"","time":"2024-12-29T15:44:49+05:00","timestamp":"2024-12-29T15:44:49+05:00","user_id":"1"}
{"Page Pagination":1,"action":"get Products","filter":null,"level":"info","msg":"User action logged","page":"produtcs","sort":"","time":"2024-12-29T15:44:54+05:00","timestamp":"2024-12-29T15:44:54+05:00","user_id":"1"}
{"Page Pagination":0,"action":"get Products","filter":null,"level":"info","msg":"User action logged","page":"produtcs","sort":"","time":"2024-12-29T15:45:15+05:00","timestamp":"2024-12-29T15:45:15+05:00","user_id":"1"}
{"Page Pagination":0,"action":"get Products","filter":null,"level":"info","msg":"User action logged","page":"produtcs","sort":"","time":"2024-12-29T15:45:17+05:00","timestamp":"2024-12-29T15:45:17+05:00","user_id":"1"}
{"Page Pagination":0,"action":"get Products","filter":null,"level":"info","msg":"User action logged","page":"produtcs","sort":"","time":"2024-12-29T15:45:17+05:00","timestamp":"2024-12-29T15:45:17+05:00","user_id":"1"}
{"Page Pagination":0,"action":"get Products","filter":null,"level":"info","msg":"User action logged","page":"produtcs","sort":"","time":"2024-12-29T15:45:58+05:00","timestamp":"2024-12-29T15:45:58+05:00","user_id":"1"}
{"Page Pagination":0,"action":"get Products","filter":null,"level":"info","msg":"User action logged","page":"produtcs","sort":"","time":"2024-12-29T15:45:59+05:00","timestamp":"2024-12-29T15:45:59+05:00","user_id":"1"}
{"Page Pagination":0,"action":"get Products","filter":null,"level":"info","msg":"User action logged","page":"produtcs","sort":"","time":"2024-12-29T15:45:59+05:00","timestamp":"2024-12-29T15:45:59+05:00","user_id":"1"}
{"Page Pagination":0,"action":"get Products","filter":null,"level":"info","msg":"User action logged","page":"produtcs","sort":"","time":"2024-12-29T15:45:59+05:00","timestamp":"2024-12-29T15:45:59+05:00","user_id":"1"}
{"Page Pagination":1,"action":"get Products","filter":null,"level":"info","msg":"User action logged","page":"produtcs","sort":"","time":"2024-12-29T15:46:08+05:00","timestamp":"2024-12-29T15:46:08+05:00","user_id":"1"}
{"Page Pagination":2,"action":"get Products","filter":null,"level":"info","msg":"User action logged","page":"produtcs","sort":"","time":"2024-12-29T15:46:15+05:00","timestamp":"2024-12-29T15:46:15+05:00","user_id":"1"}
{"Page Pagination":0,"action":"get Products","filter":null,"level":"info","msg":"User action logged","page":"produtcs","sort":"","time":"2024-12-29T15:46:24+05:00","timestamp":"2024-12-29T15:46:24+05:00","user_id":"1"}
{"Page Pagination":1,"action":"get Products","filter":null,"level":"info","msg":"User action logged","page":"produtcs","sort":"","time":"2024-12-29T15:48:02+05:00","timestamp":"2024-12-29T15:48:02+05:00","user_id":"1"}
{"Page Pagination":1,"action":"get Products","filter":null,"level":"info","msg":"User action logged","page":"produtcs","sort":"","time":"2024-12-29T15:49:41+05:00","timestamp":"2024-12-29T15:49:41+05:00","user_id":"1"}
{"Page Pagination":1,"action":"get Products","filter":null,"level":"info","msg":"User action logged","page":"produtcs","sort":"","time":"2024-12-29T16:04:35+05:00","timestamp":"2024-12-29T16:04:35+05:00","user_id":"1"}
{"Page Pagination":1,"action":"get Products","filter":null,"level":"info","msg":"User action logged","page":"produtcs","sort":"","time":"2024-12-29T16:04:40+05:00","timestamp":"2024-12-29T16:04:40+05:00","user_id":"1"}
{"Page Pagination":1,"action":"get Products","filter":null,"level":"info","msg":"User action logged","page":"produtcs","sort":"","time":"2024-12-29T16:04:41+05:00","timestamp":"2024-12-29T16:04:41+05:00","user_id":"1"}
{"Page Pagination":1,"action":"get Products","filter":null,"level":"info","msg":"User action logged","page":"produtcs","sort":"","time":"2024-12-29T16:04:42+05:00","timestamp":"2024-12-29T16:04:42+05:00","user_id":"1"}
{"Page Pagination":1,"action":"get Products","filter":null,"level":"info","msg":"User action logged","page":"produtcs","sort":"","time":"2024-12-29T16:04:48+05:00","timestamp":"2024-12-29T16:04:48+05:00","user_id":"1"}
{"Page Pagination":1,"action":"get Products","filter":null,"level":"info","msg":"User action logged","page":"produtcs","sort":"","time":"2024-12-29T16:04:49+05:00","timestamp":"2024-12-29T16:04:49+05:00","user_id":"1"}
{"Page Pagination":1,"action":"get Products","filter":null,"level":"info","msg":"User action logged","page":"produtcs","sort":"","time":"2025-01-01T19:08:15+05:00","timestamp":"2025-01-01T19:08:15+05:00","user_id":"1"}
{"Page Pagination":1,"action":"get Products","filter":null,"level":"info","msg":"User action logged","page":"produtcs","sort":"","time":"2025-01-01T20:19:54+05:00","timestamp":"2025-01-01T20:19:54+05:00","user_id":"1"}
{"Page Pagination":1,"action":"get Products","filter":null,"level":"info","msg":"User action logged","page":"produtcs","sort":"","time":"2025-01-01T20:20:50+05:00","timestamp":"2025-01-01T20:20:50+05:00","user_id":"1"}
{"Page Pagination":1,"action":"get Products","filter":null,"level":"info","msg":"User action logged","page":"produtcs","sort":"","time":"2025-01-01T20:55:48+05:00","timestamp":"2025-01-01T20:55:48+05:00","user_id":"1"}
{"Page Pagination":1,"action":"get Products","filter":null,"level":"info","msg":"User action logged","page":"produtcs","sort":"","time":"2025-01-01T21:07:11+05:00","timestamp":"2025-01-01T21:07:11+05:00","user_id":"1"}
{"Page Pagination":1,"action":"get Products","filter":null,"level":"info","msg":"User action logged","page":"produtcs","sort":"","time":"2025-01-01T23:23:10+05:00","timestamp":"2025-01-01T23:23:10+05:00","user_id":"1"}
{"action":"Smartphone Stand","level":"info","msg":"User action logged","page":"2","time":"2025-01-01T23:23:16+05:00","timestamp":"2025-01-01T23:23:16+05:00","user_id":"1"}
{"Page Pagination":3,"action":"get Products","filter":null,"level":"info","msg":"User action logged","page":"produtcs","sort":"","time":"2025-01-01T23:23:20+05:00","timestamp":"2025-01-01T23:23:20+05:00","user_id":"1"}
{"Page Pagination":4,"action":"get Products","filter":null,"level":"info","msg":"User action logged","page":"produtcs","sort":"","time":"2025-01-01T23:23:26+05:00","timestamp":"2025-01-01T23:23:26+05:00","user_id":"1"}
{"Page Pagination":1,"action":"get Products","filter":null,"level":"info","msg":"User action logged","page":"produtcs","sort":"","time":"2025-01-01T23:23:29+05:00","timestamp":"2025-01-01T23:23:29+05:00","user_id":"1"}
{"Page Pagination":1,"action":"get Products","filter":null,"level":"info","msg":"User action logged","page":"produtcs","sort":"","time":"2025-01-02T15:49:46+05:00","timestamp":"2025-01-02T15:49:46+05:00","user_id":"1"}
{"Page Pagination":1,"action":"get Products","filter":null,"level":"info","msg":"User action logged","page":"produtcs","sort":"","time":"2025-01-02T16:21:24+05:00","timestamp":"2025-01-02T16:21:24+05:00","user_id":"1"}
{"Page Pagination":1,"action":"get Products","filter":null,"level":"info","msg":"User action logged","page":"produtcs","sort":"","time":"2025-01-02T18:40:59+05:00","timestamp":"2025-01-02T18:40:59+05:00","user_id":"1"}
{"Page Pagination":1,"action":"get Products","filter":null,"level":"info","msg":"User action logged","page":"produtcs","sort":"","time":"2025-01-02T18:42:08+05:00","timestamp":"2025-01-02T18:42:08+05:00","user_id":"1"}
{"Page Pagination":1,"action":"get Products","filter":null,"level":"info","msg":"User action logged","page":"produtcs","sort":"","time":"2025-01-02T18:42:17+05:00","timestamp":"2025-01-02T18:42:17+05:00","user_id":"1"}
{"Page Pagination":1,"action":"get Products","filter":null,"level":"info","msg":"User action logged","page":"produtcs","sort":"","time":"2025-01-02T19:34:33+05:00","timestamp":"2025-01-02T19:34:33+05:00","user_id":"1"}
{"Page Pagination":1,"action":"get Products","filter":null,"level":"info","msg":"User action logged","page":"produtcs","sort":"","time":"2025-01-02T19:35:47+05:00","timestamp":"2025-01-02T19:35:47+05:00","user_id":"1"}
{"Page Pagination":1,"action":"get Products","filter":null,"level":"info","msg":"User action logged","page":"produtcs","sort":"","time":"2025-01-02T19:36:11+05:00","timestamp":"2025-01-02T19:36:11+05:00","user_id":"1"}
{"Page Pagination":1,"action":"get Products","filter":null,"level":"info","msg":"User action logged","page":"produtcs","sort":"","time":"2025-01-02T19:36:17+05:00","timestamp":"2025-01-02T19:36:17+05:00","user_id":"1"}
{"Page Pagination":1,"action":"get Products","filter":null,"level":"info","msg":"User action logged","page":"produtcs","sort":"","time":"2025-01-02T19:54:55+05:00","timestamp":"2025-01-02T19:54:55+05:00","user_id":"1"}
{"Page Pagination":1,"action":"get Products","filter":null,"level":"info","msg":"User action logged","page":"produtcs","sort":"","time":"2025-01-02T19:55:39+05:00","timestamp":"2025-01-02T19:55:39+05:00","user_id":"1"}
{"Page Pagination":1,"action":"get Products","filter":null,"level":"info","msg":"User action logged","page":"produtcs","sort":"","time":"2025-01-02T19:55:49+05:00","timestamp":"2025-01-02T19:55:49+05:00","user_id":"1"}
{"Page Pagination":1,"action":"get Products","filter":null,"level":"info","msg":"User action logged","page":"produtcs","sort":"","time":"2025-01-02T19:55:59+05:00","timestamp":"2025-01-02T19:55:59+05:00","user_id":"1"}
{"Page Pagination":1,"action":"get Products","filter":null,"level":"info","msg":"User action logged","page":"produtcs","sort":"","time":"2025-01-02T19:56:28+05:00","timestamp":"2025-01-02T19:56:28+05:00","user_id":"1"}
{"Page Pagination":1,"action":"get Products","filter":null,"level":"info","msg":"User action logged","page":"produtcs","sort":"","time":"2025-01-02T19:56:39+05:00","timestamp":"2025-01-02T19:56:39+05:00","user_id":"1"}
{"Page Pagination":1,"action":"get Products","filter":null,"level":"info","msg":"User action logged","page":"produtcs","sort":"","time":"2025-01-02T22:52:37+05:00","timestamp":"2025-01-02T22:52:37+05:00","user_id":"1"}
{"Page Pagination":1,"action":"get Products","filter":null,"level":"info","msg":"User action logged","page":"produtcs","sort":"","time":"2025-01-02T22:52:45+05:00","timestamp":"2025-01-02T22:52:45+05:00","user_id":"1"}
{"Page Pagination":1,"action":"get Products","filter":null,"level":"info","msg":"User action logged","page":"produtcs","sort":"","time":"2025-01-03T14:04:17+05:00","timestamp":"2025-01-03T14:04:17+05:00","user_id":"1"}
{"Page Pagination":1,"action":"get Products","filter":null,"level":"info","msg":"User action logged","page":"produtcs","sort":"","time":"2025-01-03T14:07:27+05:00","timestamp":"2025-01-03T14:07:27+05:00","user_id":"1"}
{"Page Pagination":1,"action":"get Products","filter":null,"level":"info","msg":"User action logged","page":"produtcs","sort":"","time":"2025-01-03T14:11:40+05:00","timestamp":"2025-01-03T14:11:40+05:00","user_id":"1"}
{"Page Pagination":1,"action":"get Products","filter":null,"level":"info","msg":"User action logged","page":"produtcs","sort":"","time":"2025-01-03T15:36:57+05:00","timestamp":"2025-01-03T15:36:57+05:00","user_id":"1"}
{"Page Pagination":1,"action":"get Products","filter":null,"level":"info","msg":"User action logged","page":"produtcs","sort":"","time":"2025-01-03T15:39:21+05:00","timestamp":"2025-01-03T15:39:21+05:00","user_id":"1"}
{"Page Pagination":1,"action":"get Products","filter":null,"level":"info","msg":"User action logged","page":"produtcs","sort":"","time":"2025-01-05T14:33:57+05:00","timestamp":"2025-01-05T14:33:57+05:00","user_id":"1"}
{"Page Pagination":1,"action":"get Products","filter":null,"level":"info","msg":"User action logged","page":"produtcs","sort":"","time":"2025-01-05T14:34:03+05:00","timestamp":"2025-01-05T14:34:03+05:00","user_id":"1"}
{"Page Pagination":1,"action":"get Products","filter":["Clothes","Accessories"],"level":"info","msg":"User action logged","page":"produtcs","sort":"1","time":"2025-01-05T14:34:30+05:00","timestamp":"2025-01-05T14:34:30+05:00","user_id":"1"}
{"Page Pagination":1,"action":"get Products","filter":["Clothes","Accessories"],"level":"info","msg":"User action logged","page":"produtcs","sort":"1","time":"2025-01-05T14:35:21+05:00","timestamp":"2025-01-05T14:35:21+05:00","user_id":"1"}
{"Page Pagination":1,"action":"get Products","filter":["Clothes","Accessories"],"level":"info","msg":"User action logged","page":"produtcs","sort":"1","time":"2025-01-05T14:35:22+05:00","timestamp":"2025-01-05T14:35:22+05:00","user_id":"1"}
{"Page Pagination":1,"action":"get Products","filter":["Clothes","Accessories"],"level":"info","msg":"User action logged","page":"produtcs","sort":"1","time":"2025-01-05T14:35:23+05:00","timestamp":"2025-01-05T14:35:23+05:00","user_id":"1"}
{"Page Pagination":1,"action":"get Products","filter":["Clothes","Accessories"],"level":"info","msg":"User action logged","page":"produtcs","sort":"1","time":"2025-01-05T14:35:24+05:00","timestamp":"2025-01-05T14:35:24+05:00","user_id":"1"}
{"Page Pagination":1,"action":"get Products","filter":["Clothes","Accessories"],"level":"info","msg":"User action logged","page":"produtcs","sort":"1","time":"2025-01-05T14:35:25+05:00","timestamp":"2025-01-05T14:35:25+05:00","user_id":"1"}
{"Page Pagination":1,"action":"get Products","filter":["Clothes","Accessories"],"level":"info","msg":"User action logged","page":"produtcs","sort":"1","time":"2025-01-05T14:35:26+05:00","timestamp":"2025-01-05T14:35:26+05:00","user_id":"1"}
{"Page Pagination":1,"action":"get Products","filter":["Clothes","Accessories"],"level":"info","msg":"User action logged","page":"produtcs","sort":"1","time":"2025-01-05T14:35:27+05:00","timestamp":"2025-01-05T14:35:27+05:00","user_id":"1"}
{"Page Pagination":1,"action":"get Products","filter":null,"level":"info","msg":"User action logged","page":"produtcs","sort":"","time":"2025-01-05T22:30:04+05:00","timestamp":"2025-01-05T22:30:04+05:00","user_id":"1"}
{"Page Pagination":1,"action":"get Products","filter":null,"level":"info","msg":"User action logged","page":"produtcs","sort":"","time":"2025-01-06T21:17:19+05:00","timestamp":"2025-01-06T21:17:19+05:00","user_id":"1"}
{"Page Pagination":1,"action":"get Products","filter":null,"level":"info","msg":"User action logged","page":"produtcs","sort":"","time":"2025-01-06T21:17:25+05:00","timestamp":"2025-01-06T21:17:25+05:00","user_id":"1"}
{"Page Pagination":1,"action":"get Products","filter":null,"level":"info","msg":"User action logged","page":"produtcs","sort":"","time":"2025-01-06T21:17:51+05:00","timestamp":"2025-01-06T21:17:51+05:00","user_id":"1"}
{"Page Pagination":1,"action":"get Products","filter":null,"level":"info","msg":"User action logged","page":"produtcs","sort":"","time":"2025-01-06T21:22:34+05:00","timestamp":"2025-01-06T21:22:34+05:00","user_id":"1"}
{"Page Pagination":1,"action":"get Products","filter":["Electronics","Furniture"],"level":"info","msg":"User action logged","page":"produtcs","sort":"","time":"2025-01-06T21:22:39+05:00","timestamp":"2025-01-06T21:22:39+05:00","user_id":"1"}
{"Page Pagination":1,"action":"get Products","filter":["Accessories"],"level":"info","msg":"User action logged","page":"produtcs","sort":"","time":"2025-01-06T21:22:53+05:00","timestamp":"2025-01-06T21:22:53+05:00","user_id":"1"}
{"Page Pagination":2,"action":"get Products","filter":["Accessories"],"level":"info","msg":"User action logged","page":"produtcs","sort":"","time":"2025-01-06T21:23:09+05:00","timestamp":"2025-01-06T21:23:09+05:00","user_id":"1"}
{"Page Pagination":1,"action":"get Products","filter":["Accessories"],"level":"info","msg":"User action logged","page":"produtcs","sort":"","time":"2025-01-06T21:23:18+05:00","timestamp":"2025-01-06T21:23:18+05:00","user_id":"1"}
{"Page Pagination":1,"action":"get Products","filter":null,"level":"info","msg":"User action logged","page":"produtcs","sort":"","time":"2025-01-06T21:51:22+05:00","timestamp":"2025-01-06T21:51:22+05:00","user_id":"1"}
{"Page Pagination":1,"action":"get Products","filter":null,"level":"info","msg":"User action logged","page":"produtcs","sort":"","time":"2025-01-06T21:52:31+05:00","timestamp":"2025-01-06T21:52:31+05:00","user_id":"1"}
{"Page Pagination":1,"action":"get Products","filter":null,"level":"info","msg":"User action logged","page":"produtcs","sort":"","time":"2025-01-06T21:53:12+05:00","timestamp":"2025-01-06T21:53:12+05:00","user_id":"1"}
{"Page Pagination":1,"action":"get Products","filter":null,"level":"info","msg":"User action logged","page":"produtcs","sort":"","time":"2025-01-06T22:18:21+05:00","timestamp":"2025-01-06T22:18:21+05:00","user_id":"1"}
{"Page Pagination":1,"action":"get Products","filter":null,"level":"info","msg":"User action logged","page":"produtcs","sort":"","time":"2025-01-07T11:05:06+05:00","timestamp":"2025-01-07T11:05:06+05:00","user_id":"1"}
{"Page Pagination":1,"action":"get Products","filter":null,"level":"info","msg":"User action logged","page":"produtcs","sort":"","time":"2025-01-07T11:33:14+05:00","timestamp":"2025-01-07T11:33:14+05:00","user_id":"1"}
{"Page Pagination":1,"action":"get Products","filter":null,"level":"info","msg":"User action logged","page":"produtcs","sort":"","time":"2025-01-07T11:41:30+05:00","timestamp":"2025-01-07T11:41:30+05:00","user_id":"1"}
{"Page Pagination":1,"action":"get Products","filter":null,"level":"info","msg":"User action logged","page":"produtcs","sort":"","time":"2025-01-07T11:44:32+05:00","timestamp":"2025-01-07T11:44:32+05:00","user_id":"1"}
{"Page Pagination":1,"action":"get Products","filter":null,"level":"info","msg":"User action logged","page":"produtcs","sort":"","time":"2025-01-07T12:01:59+05:00","timestamp":"2025-01-07T12:01:59+05:00","user_id":"1"}
{"Page Pagination":1,"action":"get Products","filter":null,"level":"info","msg":"User action logged","page":"produtcs","sort":"","time":"2025-01-07T13:04:27+05:00","timestamp":"2025-01-07T13:04:27+05:00","user_id":"1"}
{"Page Pagination":1,"action":"get Products","filter":null,"level":"info","msg":"User action logged","page":"produtcs","sort":"","time":"2025-01-07T13:05:59+05:00","timestamp":"2025-01-07T13:05:59+05:00","user_id":"1"}
{"Page Pagination":1,"action":"get Products","filter":null,"level":"info","msg":"User action logged","page":"produtcs","sort":"","time":"2025-01-07T13:06:40+05:00","timestamp":"2025-01-07T13:06:40+05:00","user_id":"1"}
{"Page Pagination":1,"action":"get Products","filter":["Electronics","Clothes"],"level":"info","msg":"User action logged","page":"produtcs","sort":"","time":"2025-01-07T13:07:42+05:00","timestamp":"2025-01-07T13:07:42+05:00","user_id":"1"}
{"Page Pagination":2,"action":"get Products","filter":["Electronics","Clothes"],"level":"info","msg":"User action logged","page":"produtcs","sort":"","time":"2025-01-07T13:07:53+05:00","timestamp":"2025-01-07T13:07:53+05:00","user_id":"1"}
{"Page Pagination":1,"action":"get Products","filter":["Furniture","Accessories"],"level":"info","msg":"User action logged","page":"produtcs","sort":"1","time":"2025-01-07T13:08:15+05:00","timestamp":"2025-01-07T13:08:15+05:00","user_id":"1"}
{"Page Pagination":4,"action":"get Products","filter":["Furniture","Accessories"],"level":"info","msg":"User action logged","page":"produtcs","sort":"1","time":"2025-01-07T13:08:27+05:00","timestamp":"2025-01-07T13:08:27+05:00","user_id":"1"}
{"Page Pagination":4,"action":"get Products","filter":["Furniture","Accessories"],"level":"info","msg":"User action logged","page":"produtcs","sort":"1","time":"2025-01-07T13:09:01+05:00","timestamp":"2025-01-07T13:09:01+05:00","user_id":"1"}
{"Page Pagination":4,"action":"get Products","filter":["Furniture","Accessories"],"level":"info","msg":"User action logged","page":"produtcs","sort":"1","time":"2025-01-07T13:09:03+05:00","timestamp":"2025-01-07T13:09:03+05:00","user_id":"1"}
{"Page Pagination":4,"action":"get Products","filter":["Furniture","Accessories"],"level":"info","msg":"User action logged","page":"produtcs","sort":"1","time":"2025-01-07T13:09:05+05:00","timestamp":"2025-01-07T13:09:05+05:00","user_id":"1"}
{"Page Pagination":0,"action":"get Products","filter":["Furniture","Accessories"],"level":"info","msg":"User action logged","page":"produtcs","sort":"1","time":"2025-01-07T13:09:34+05:00","timestamp":"2025-01-07T13:09:34+05:00","user_id":"1"}
{"Page Pagination":1,"action":"get Products","filter":null,"level":"info","msg":"User action logged","page":"produtcs","sort":"","time":"2025-01-11T21:49:44+05:00","timestamp":"2025-01-11T21:49:44+05:00","user_id":"1"}
{"Page Pagination":1,"action":"get Products","filter":null,"level":"info","msg":"User action logged","page":"produtcs","sort":"","time":"2025-01-11T21:49:59+05:00","timestamp":"2025-01-11T21:49:59+05:00","user_id":"1"}
{"Page Pagination":9,"action":"get Products","filter":null,"level":"info","msg":"User action logged","page":"produtcs","sort":"","time":"2025-01-11T21:50:03+05:00","timestamp":"2025-01-11T21:50:03+05:00","user_id":"1"}
{"Page Pagination":1,"action":"get Products","filter":null,"level":"info","msg":"User action logged","page":"produtcs","sort":"","time":"2025-01-12T13:15:07+05:00","timestamp":"2025-01-12T13:15:07+05:00","user_id":"1"}
{"Page Pagination":1,"action":"get Products","filter":null,"level":"info","msg":"User action logged","page":"produtcs","sort":"","time":"2025-01-12T13:49:40+05:00","timestamp":"2025-01-12T13:49:40+05:00","user_id":"1"}
{"Page Pagination":1,"action":"get Products","filter":null,"level":"info","msg":"User action logged","page":"produtcs","sort":"","time":"2025-01-12T13:51:16+05:00","timestamp":"2025-01-12T13:51:16+05:00","user_id":"1"}
{"Page Pagination":1,"action":"get Products","filter":null,"level":"info","msg":"User action logged","page":"produtcs","sort":"","time":"2025-01-12T13:51:27+05:00","timestamp":"2025-01-12T13:51:27+05:00","user_id":"1"}
{"Page Pagination":1,"action":"get Products","filter":null,"level":"info","msg":"User action logged","page":"produtcs","sort":"","time":"2025-01-12T13:51:37+05:00","timestamp":"2025-01-12T13:51:37+05:00","user_id":"1"}
{"Page Pagination":1,"action":"get Products","filter":null,"level":"info","msg":"User action logged","page":"produtcs","sort":"","time":"2025-01-12T13:51:50+05:00","timestamp":"2025-01-12T13:51:50+05:00","user_id":"1"}
{"Page Pagination":1,"action":"get Products","filter":null,"level":"info","msg":"User action logged","page":"produtcs","sort":"","time":"2025-01-12T13:52:12+05:00","timestamp":"2025-01-12T13:52:12+05:00","user_id":"1"}
{"Page Pagination":1,"action":"get Products","filter":null,"level":"info","msg":"User action logged","page":"produtcs","sort":"","time":"2025-01-12T13:52:14+05:00","timestamp":"2025-01-12T13:52:14+05:00","user_id":"1"}
{"Page Pagination":1,"action":"get Products","filter":null,"level":"info","msg":"User action logged","page":"produtcs","sort":"","time":"2025-01-12T13:52:15+05:00","timestamp":"2025-01-12T13:52:15+05:00","user_id":"1"}
{"Page Pagination":1,"action":"get Products","filter":null,"level":"info","msg":"User action logged","page":"produtcs","sort":"","time":"2025-01-12T13:52:35+05:00","timestamp":"2025-01-12T13:52:35+05:00","user_id":"1"}
{"Page Pagination":1,"action":"get Products","filter":null,"level":"info","msg":"User action logged","page":"produtcs","sort":"","time":"2025-01-12T13:52:42+05:00","timestamp":"2025-01-12T13:52:42+05:00","user_id":"1"}
{"Page Pagination":1,"action":"get Products","filter":null,"level":"info","msg":"User action logged","page":"produtcs","sort":"","time":"2025-01-13T09:12:52+05:00","timestamp":"2025-01-13T09:12:52+05:00","user_id":"1"}
{"Page Pagination":1,"action":"get Products","filter":null,"level":"info","msg":"User action logged","page":"produtcs","sort":"","time":"2025-01-13T09:19:10+05:00","timestamp":"2025-01-13T09:19:10+05:00","user_id":"1"}
{"Page Pagination":1,"action":"get Products","filter":null,"level":"info","msg":"User action logged","page":"produtcs","sort":"","time":"2025-01-13T09:20:12+05:00","timestamp":"2025-01-13T09:20:12+05:00","user_id":"1"}
{"Page Pagination":1,"action":"get Products","filter":null,"level":"info","msg":"User action logged","page":"produtcs","sort":"","time":"2025-01-13T09:22:28+05:00","timestamp":"2025-01-13T09:22:28+05:00","user_id":"1"}
{"Page Pagination":1,"action":"get Products","filter":null,"level":"info","msg":"User action logged","page":"produtcs","sort":"","time":"2025-01-13T09:26:12+05:00","timestamp":"2025-01-13T09:26:12+05:00","user_id":"1"}
{"Page Pagination":1,"action":"get Products","filter":null,"level":"info","msg":"User action logged","page":"produtcs","sort":"","time":"2025-01-13T09:26:35+05:00","timestamp":"2025-01-13T09:26:35+05:00","user_id":"1"}
{"Page Pagination":1,"action":"get Products","filter":null,"level":"info","msg":"User action logged","page":"produtcs","sort":"","time":"2025-01-13T09:30:03+05:00","timestamp":"2025-01-13T09:30:03+05:00","user_id":"1"}
{"Page Pagination":1,"action":"get Products","filter":null,"level":"info","msg":"User action logged","page":"produtcs","sort":"","time":"2025-01-13T09:31:16+05:00","timestamp":"2025-01-13T09:31:16+05:00","user_id":"1"}
{"Page Pagination":1,"action":"get Products","filter":null,"level":"info","msg":"User action logged","page":"produtcs","sort":"","time":"2025-01-13T09:33:12+05:00","timestamp":"2025-01-13T09:33:12+05:00","user_id":"1"}
{"Page Pagination":1,"action":"get Products","filter":null,"level":"info","msg":"User action logged","page":"produtcs","sort":"","time":"2025-01-13T21:02:27+05:00","timestamp":"2025-01-13T21:02:27+05:00","user_id":"1"}
{"Page Pagination":1,"action":"get Products","filter":null,"level":"info","msg":"User action logged","page":"produtcs","sort":"","time":"2025-01-13T21:03:29+05:00","timestamp":"2025-01-13T21:03:29+05:00","user_id":"1"}
{"Page Pagination":1,"action":"get Products","filter":null,"level":"info","msg":"User action logged","page":"produtcs","sort":"","time":"2025-01-13T21:03:38+05:00","timestamp":"2025-01-13T21:03:38+05:00","user_id":"1"}
{"Page Pagination":1,"action":"get Products","filter":null,"level":"info","msg":"User action logged","page":"produtcs","sort":"","time":"2025-01-13T21:03:57+05:00","timestamp":"2025-01-13T21:03:57+05:00","user_id":"1"}
{"Page Pagination":1,"action":"get Products","filter":null,"level":"info","msg":"User action logged","page":"produtcs","sort":"","time":"2025-01-13T21:04:53+05:00","timestamp":"2025-01-13T21:04:53+05:00","user_id":"1"}
{"Page Pagination":1,"action":"get Products","filter":null,"level":"info","msg":"User action logged","page":"produtcs","sort":"","time":"2025-01-13T21:06:31+05:00","timestamp":"2025-01-13T21:06:31+05:00","user_id":"1"}
{"Page Pagination":1,"action":"get Products","filter":null,"level":"info","msg":"User action logged","page":"produtcs","sort":"","time":"2025-01-13T21:07:11+05:00","timestamp":"2025-01-13T21:07:11+05:00","user_id":"1"}
{"Page Pagination":1,"action":"get Products","filter":null,"level":"info","msg":"User action logged","page":"produtcs","sort":"","time":"2025-01-13T21:11:55+05:00","timestamp":"2025-01-13T21:11:55+05:00","user_id":"1"}
{"Page Pagination":1,"action":"get Products","filter":null,"level":"info","msg":"User action logged","page":"produtcs","sort":"","time":"2025-01-13T21:15:26+05:00","timestamp":"2025-01-13T21:15:26+05:00","user_id":"1"}
{"Page Pagination":1,"action":"get Products","filter":null,"level":"info","msg":"User action logged","page":"produtcs","sort":"","time":"2025-01-13T21:16:47+05:00","timestamp":"2025-01-13T21:16:47+05:00","user_id":"1"}
{"Page Pagination":1,"action":"get Products","filter":null,"level":"info","msg":"User action logged","page":"produtcs","sort":"","time":"2025-01-13T21:17:56+05:00","timestamp":"2025-01-13T21:17:56+05:00","user_id":"1"}
{"Page Pagination":1,"action":"get Products","filter":null,"level":"info","msg":"User action logged","page":"produtcs","sort":"","time":"2025-01-13T21:18:24+05:00","timestamp":"2025-01-13T21:18:24+05:00","user_id":"1"}
{"Page Pagination":1,"action":"get Products","filter":null,"level":"info","msg":"User action logged","page":"produtcs","sort":"","time":"2025-01-13T21:19:27+05:00","timestamp":"2025-01-13T21:19:27+05:00","user_id":"1"}
{"Page Pagination":1,"action":"get Products","filter":null,"level":"info","msg":"User action logged","page":"produtcs","sort":"","time":"2025-01-13T21:23:10+05:00","timestamp":"2025-01-13T21:23:10+05:00","user_id":"1"}
{"Page Pagination":1,"action":"get Products","filter":null,"level":"info","msg":"User action logged","page":"produtcs","sort":"","time":"2025-01-13T21:23:31+05:00","timestamp":"2025-01-13T21:23:31+05:00","user_id":"1"}
{"Page Pagination":1,"action":"get Products","filter":null,"level":"info","msg":"User action logged","page":"produtcs","sort":"","time":"2025-01-13T21:25:30+05:00","timestamp":"2025-01-13T21:25:30+05:00","user_id":"1"}
{"Page Pagination":1,"action":"get Products","filter":null,"level":"info","msg":"User action logged","page":"produtcs","sort":"","time":"2025-01-13T21:26:03+05:00","timestamp":"2025-01-13T21:26:03+05:00","user_id":"1"}
{"Page Pagination":1,"action":"get Products","filter":null,"level":"info","msg":"User action logged","page":"produtcs","sort":"","time":"2025-01-13T21:27:57+05:00","timestamp":"2025-01-13T21:27:57+05:00","user_id":"1"}
{"Page Pagination":1,"action":"get Products","filter":null,"level":"info","msg":"User action logged","page":"produtcs","sort":"","time":"2025-01-13T21:28:39+05:00","timestamp":"2025-01-13T21:28:39+05:00","user_id":"1"}
{"Page Pagination":1,"action":"get Products","filter":null,"level":"info","msg":"User action logged","page":"produtcs","sort":"","time":"2025-01-13T21:31:19+05:00","timestamp":"2025-01-13T21:31:19+05:00","user_id":"1"}
{"Page Pagination":1,"action":"get Products","filter":null,"level":"info","msg":"User action logged","page":"produtcs","sort":"","time":"2025-01-13T21:32:58+05:00","timestamp":"2025-01-13T21:32:58+05:00","user_id":"1"}
{"Page Pagination":1,"action":"get Products","filter":null,"level":"info","msg":"User action logged","page":"produtcs","sort":"","time":"2025-01-13T21:33:40+05:00","timestamp":"2025-01-13T21:33:40+05:00","user_id":"1"}
{"Page Pagination":1,"action":"get Products","filter":null,"level":"info","msg":"User action logged","page":"produtcs","sort":"","time":"2025-01-13T21:34:07+05:00","timestamp":"2025-01-13T21:34:07+05:00","user_id":"1"}
{"Page Pagination":1,"action":"get Products","filter":null,"level":"info","msg":"User action logged","page":"produtcs","sort":"","time":"2025-01-13T21:43:41+05:00","timestamp":"2025-01-13T21:43:41+05:00","user_id":"1"}
{"Page Pagination":1,"action":"get Products","filter":null,"level":"info","msg":"User action logged","page":"produtcs","sort":"","time":"2025-01-13T21:45:11+05:00","timestamp":"2025-01-13T21:45:11+05:00","user_id":"1"}
{"Page Pagination":1,"action":"get Products","filter":null,"level":"info","msg":"User action logged","page":"produtcs","sort":"","time":"2025-01-13T21:50:27+05:00","timestamp":"2025-01-13T21:50:27+05:00","user_id":"1"}
{"Page Pagination":1,"action":"get Products","filter":null,"level":"info","msg":"User action logged","page":"produtcs","sort":"","time":"2025-01-13T21:50:35+05:00","timestamp":"2025-01-13T21:50:35+05:00","user_id":"1"}
{"Page Pagination":1,"action":"get Products","filter":null,"level":"info","msg":"User action logged","page":"produtcs","sort":"","time":"2025-01-13T21:53:17+05:00","timestamp":"2025-01-13T21:53:17+05:00","user_id":"1"}
{"Page Pagination":1,"action":"get Products","filter":null,"level":"info","msg":"User action logged","page":"produtcs","sort":"","time":"2025-01-13T21:53:30+05:00","timestamp":"2025-01-13T21:53:30+05:00","user_id":"1"}
{"Page Pagination":1,"action":"get Products","filter":null,"level":"info","msg":"User action logged","page":"produtcs","sort":"","time":"2025-01-13T21:53:59+05:00","timestamp":"2025-01-13T21:53:59+05:00","user_id":"1"}
{"Page Pagination":1,"action":"get Products","filter":null,"level":"info","msg":"User action logged","page":"produtcs","sort":"","time":"2025-01-13T21:55:14+05:00","timestamp":"2025-01-13T21:55:14+05:00","user_id":"1"}
{"Page Pagination":1,"action":"get Products","filter":null,"level":"info","msg":"User action logged","page":"produtcs","sort":"","time":"2025-01-13T21:55:26+05:00","timestamp":"2025-01-13T21:55:26+05:00","user_id":"1"}
{"Page Pagination":1,"action":"get Products","filter":null,"level":"info","msg":"User action logged","page":"produtcs","sort":"","time":"2025-01-13T21:55:34+05:00","timestamp":"2025-01-13T21:55:34+05:00","user_id":"1"}
{"Page Pagination":1,"action":"get Products","filter":null,"level":"info","msg":"User action logged","page":"produtcs","sort":"","time":"2025-01-13T21:55:38+05:00","timestamp":"2025-01-13T21:55:38+05:00","user_id":"1"}
{"Page Pagination":1,"action":"get Products","filter":null,"level":"info","msg":"User action logged","page":"produtcs","sort":"","time":"2025-01-13T22:27:09+05:00","timestamp":"2025-01-13T22:27:09+05:00","user_id":"1"}
{"Page Pagination":1,"action":"get Products","filter":null,"level":"info","msg":"User action logged","page":"produtcs","sort":"","time":"2025-01-13T22:27:40+05:00","timestamp":"2025-01-13T22:27:40+05:00","user_id":"1"}
{"Page Pagination":1,"action":"get Products","filter":null,"level":"info","msg":"User action logged","page":"produtcs","sort":"","time":"2025-01-13T22:27:44+05:00","timestamp":"2025-01-13T22:27:44+05:00","user_id":"1"}
{"Page Pagination":1,"action":"get Products","filter":null,"level":"info","msg":"User action logged","page":"produtcs","sort":"","time":"2025-01-13T22:28:21+05:00","timestamp":"2025-01-13T22:28:21+05:00","user_id":"1"}
{"Page Pagination":1,"action":"get Products","filter":null,"level":"info","msg":"User action logged","page":"produtcs","sort":"","time":"2025-01-13T22:31:37+05:00","timestamp":"2025-01-13T22:31:37+05:00","user_id":"1"}
{"Page Pagination":1,"action":"get Products","filter":null,"level":"info","msg":"User action logged","page":"produtcs","sort":"","time":"2025-01-13T22:32:28+05:00","timestamp":"2025-01-13T22:32:28+05:00","user_id":"1"}
{"Page Pagination":1,"action":"get Products","filter":null,"level":"info","msg":"User action logged","page":"produtcs","sort":"","time":"2025-01-13T22:50:27+05:00","timestamp":"2025-01-13T22:50:27+05:00","user_id":"1"}
{"Page Pagination":1,"action":"get Products","filter":null,"level":"info","msg":"User action logged","page":"produtcs","sort":"","time":"2025-01-13T22:51:04+05:00","timestamp":"2025-01-13T22:51:04+05:00","user_id":"1"}
{"Page Pagination":1,"action":"get Products","filter":null,"level":"info","msg":"User action logged","page":"produtcs","sort":"","time":"2025-01-13T22:51:10+05:00","timestamp":"2025-01-13T22:51:10+05:00","user_id":"1"}
{"Page Pagination":1,"action":"get Products","filter":null,"level":"info","msg":"User action logged","page":"produtcs","sort":"","time":"2025-01-13T22:55:14+05:00","timestamp":"2025-01-13T22:55:14+05:00","user_id":"1"}
{"Page Pagination":1,"action":"get Products","filter":null,"level":"info","msg":"User action logged","page":"produtcs","sort":"","time":"2025-01-13T22:56:53+05:00","timestamp":"2025-01-13T22:56:53+05:00","user_id":"1"}
{"Page Pagination":1,"action":"get Products","filter":null,"level":"info","msg":"User action logged","page":"produtcs","sort":"","time":"2025-01-13T22:57:21+05:00","timestamp":"2025-01-13T22:57:21+05:00","user_id":"1"}
{"Page Pagination":1,"action":"get Products","filter":null,"level":"info","msg":"User action logged","page":"produtcs","sort":"","time":"2025-01-13T22:57:40+05:00","timestamp":"2025-01-13T22:57:40+05:00","user_id":"1"}
{"Page Pagination":1,"action":"get Products","filter":null,"level":"info","msg":"User action logged","page":"produtcs","sort":"","time":"2025-01-13T22:58:14+05:00","timestamp":"2025-01-13T22:58:14+05:00","user_id":"1"}
{"Page Pagination":1,"action":"get Products","filter":null,"level":"info","msg":"User action logged","page":"produtcs","sort":"","time":"2025-01-13T22:59:46+05:00","timestamp":"2025-01-13T22:59:46+05:00","user_id":"1"}
{"Page Pagination":1,"action":"get Products","filter":null,"level":"info","msg":"User action logged","page":"produtcs","sort":"","time":"2025-01-13T23:00:03+05:00","timestamp":"2025-01-13T23:00:03+05:00","user_id":"1"}
{"Page Pagination":1,"action":"get Products","filter":null,"level":"info","msg":"User action logged","page":"produtcs","sort":"","time":"2025-01-13T23:00:04+05:00","timestamp":"2025-01-13T23:00:04+05:00","user_id":"1"}
{"Page Pagination":1,"action":"get Products","filter":null,"level":"info","msg":"User action logged","page":"produtcs","sort":"","time":"2025-01-13T23:00:16+05:00","timestamp":"2025-01-13T23:00:16+05:00","user_id":"1"}
{"Page Pagination":1,"action":"get Products","filter":null,"level":"info","msg":"User action logged","page":"produtcs","sort":"","time":"2025-01-13T23:00:23+05:00","timestamp":"2025-01-13T23:00:23+05:00","user_id":"1"}
{"Page Pagination":1,"action":"get Products","filter":null,"level":"info","msg":"User action logged","page":"produtcs","sort":"","time":"2025-01-13T23:03:02+05:00","timestamp":"2025-01-13T23:03:02+05:00","user_id":"1"}
{"Page Pagination":1,"action":"get Products","filter":null,"level":"info","msg":"User action logged","page":"produtcs","sort":"","time":"2025-01-13T23:16:56+05:00","timestamp":"2025-01-13T23:16:56+05:00","user_id":"1"}
{"Page Pagination":1,"action":"get Products","filter":null,"level":"info","msg":"User action logged","page":"produtcs","sort":"","time":"2025-01-15T22:48:40+05:00","timestamp":"2025-01-15T22:48:40+05:00","user_id":"1"}
{"action":"Smartphone","level":"info","msg":"User action logged","page":"1","time":"2025-01-15T22:48:46+05:00","timestamp":"2025-01-15T22:48:46+05:00","user_id":"1"}
{"action":"Smartphone","level":"info","msg":"User action logged","page":"1","time":"2025-01-15T23:06:22+05:00","timestamp":"2025-01-15T23:06:22+05:00","user_id":"1"}
{"Page Pagination":1,"action":"get Products","filter":null,"level":"info","msg":"User action logged","page":"produtcs","sort":"","time":"2025-01-16T17:53:44+05:00","timestamp":"2025-01-16T17:53:44+05:00","user_id":"1"}
{"Page Pagination":1,"action":"get Products","filter":null,"level":"info","msg":"User action logged","page":"produtcs","sort":"","time":"2025-01-16T17:54:14+05:00","timestamp":"2025-01-16T17:54:14+05:00","user_id":"1"}
{"Page Pagination":1,"action":"get Products","filter":null,"level":"info","msg":"User action logged","page":"produtcs","sort":"","time":"2025-01-16T18:43:37+05:00","timestamp":"2025-01-16T18:43:37+05:00","user_id":"1"}
{"Page Pagination":1,"action":"get Products","filter":null,"level":"info","msg":"User action logged","page":"produtcs","sort":"","time":"2025-01-16T18:46:45+05:00","timestamp":"2025-01-16T18:46:45+05:00","user_id":"1"}
{"Page Pagination":1,"action":"get Products","filter":null,"level":"info","msg":"User action logged","page":"produtcs","sort":"","time":"2025-01-28T23:57:54+05:00","timestamp":"2025-01-28T23:57:54+05:00","user_id":"1"}
{"Page Pagination":1,"action":"get Products","filter":null,"level":"info","msg":"User action logged","page":"produtcs","sort":"","time":"2025-01-28T23:58:36+05:00","timestamp":"2025-01-28T23:58:36+05:00","user_id":"1"}
{"Page Pagination":1,"action":"get Products","filter":null,"level":"info","msg":"User action logged","page":"produtcs","sort":"","time":"2025-01-29T08:20:53+05:00","timestamp":"2025-01-29T08:20:53+05:00","user_id":"1"}
{"Page Pagination":1,"action":"get Products","filter":null,"level":"info","msg":"User action logged","page":"produtcs","sort":"","time":"2025-01-29T08:21:23+05:00","timestamp":"2025-01-29T08:21:23+05:00","user_id":"1"}
{"Page Pagination":1,"action":"get Products","filter":null,"level":"info","msg":"User action logged","page":"produtcs","sort":"","time":"2025-01-29T08:21:32+05:00","timestamp":"2025-01-29T08:21:32+05:00","user_id":"1"}
{"Page Pagination":1,"action":"get Products","filter":null,"level":"info","msg":"User action logged","page":"produtcs","sort":"","time":"2025-01-29T08:21:37+05:00","timestamp":"2025-01-29T08:21:37+05:00","user_id":"1"}
{"Page Pagination":1,"action":"get Products","filter":null,"level":"info","msg":"User action logged","page":"produtcs","sort":"","time":"2025-01-29T08:22:17+05:00","timestamp":"2025-01-29T08:22:17+05:00","user_id":"1"}
{"Page Pagination":1,"action":"get Products","filter":null,"level":"info","msg":"User action logged","page":"produtcs","sort":"","time":"2025-01-29T09:18:56+05:00","timestamp":"2025-01-29T09:18:56+05:00","user_id":"1"}
{"Page Pagination":1,"action":"get Products","filter":null,"level":"info","msg":"User action logged","page":"produtcs","sort":"","time":"2025-01-29T09:19:30+05:00","timestamp":"2025-01-29T09:19:30+05:00","user_id":"1"}
{"Page Pagination":1,"action":"get Products","filter":null,"level":"info","msg":"User action logged","page":"produtcs","sort":"","time":"2025-01-29T09:19:31+05:00","timestamp":"2025-01-29T09:19:31+05:00","user_id":"1"}
{"Page Pagination":1,"action":"get Products","filter":null,"level":"info","msg":"User action logged","page":"produtcs","sort":"","time":"2025-01-29T09:19:32+05:00","timestamp":"2025-01-29T09:19:32+05:00","user_id":"1"}
{"Page Pagination":1,"action":"get Products","filter":null,"level":"info","msg":"User action logged","page":"produtcs","sort":"","time":"2025-01-29T09:19:50+05:00","timestamp":"2025-01-29T09:19:50+05:00","user_id":"1"}
{"Page Pagination":1,"action":"get Products","filter":null,"level":"info","msg":"User action logged","page":"produtcs","sort":"","time":"2025-01-29T09:21:14+05:00","timestamp":"2025-01-29T09:21:14+05:00","user_id":"1"}
{"Page Pagination":1,"action":"get Products","filter":null,"level":"info","msg":"User action logged","page":"produtcs","sort":"","time":"2025-01-29T09:21:15+05:00","timestamp":"2025-01-29T09:21:15+05:00","user_id":"1"}
{"Page Pagination":1,"action":"get Products","filter":null,"level":"info","msg":"User action logged","page":"produtcs","sort":"","time":"2025-01-29T09:21:42+05:00","timestamp":"2025-01-29T09:21:42+05:00","user_id":"1"}
{"Page Pagination":1,"action":"get Products","filter":null,"level":"info","msg":"User action logged","page":"produtcs","sort":"","time":"2025-01-29T09:21:44+05:00","timestamp":"2025-01-29T09:21:44+05:00","user_id":"1"}
{"Page Pagination":1,"action":"get Products","filter":null,"level":"info","msg":"User action logged","page":"produtcs","sort":"","time":"2025-01-29T09:22:02+05:00","timestamp":"2025-01-29T09:22:02+05:00","user_id":"1"}
{"Page Pagination":1,"action":"get Products","filter":null,"level":"info","msg":"User action logged","page":"produtcs","sort":"","time":"2025-01-29T09:22:04+05:00","timestamp":"2025-01-29T09:22:04+05:00","user_id":"1"}
{"action":"Smartphone","level":"info","msg":"User action logged","page":"1","time":"2025-01-29T09:22:06+05:00","timestamp":"2025-01-29T09:22:06+05:00","user_id":"1"}
{"Page Pagination":1,"action":"get Products","filter":null,"level":"info","msg":"User action logged","page":"produtcs","sort":"","time":"2025-01-30T22:06:04+05:00","timestamp":"2025-01-30T22:06:04+05:00","user_id":"1"}
{"Page Pagination":1,"action":"get Products","filter":null,"level":"info","msg":"User action logged","page":"produtcs","sort":"","time":"2025-01-30T22:06:19+05:00","timestamp":"2025-01-30T22:06:19+05:00","user_id":"1"}
{"action":"Smartphone","level":"info","msg":"User action logged","page":"1","time":"2025-01-30T22:06:27+05:00","timestamp":"2025-01-30T22:06:27+05:00","user_id":"1"}
{"Page Pagination":1,"action":"get Products","filter":null,"level":"info","msg":"User action logged","page":"produtcs","sort":"","time":"2025-01-30T22:07:20+05:00","timestamp":"2025-01-30T22:07:20+05:00","user_id":"1"}
{"Page Pagination":1,"action":"get Products","filter":null,"level":"info","msg":"User action logged","page":"produtcs","sort":"","time":"2025-01-30T22:07:21+05:00","timestamp":"2025-01-30T22:07:21+05:00","user_id":"1"}
{"action":"Smartphone","level":"info","msg":"User action logged","page":"1","time":"2025-01-30T22:07:24+05:00","timestamp":"2025-01-30T22:07:24+05:00","user_id":"1"}
{"action":"Smartphone","level":"info","msg":"User action logged","page":"1","time":"2025-01-30T22:10:14+05:00","timestamp":"2025-01-30T22:10:14+05:00","user_id":"1"}
{"action":"Smartphone","level":"info","msg":"User action logged","page":"1","time":"2025-01-30T22:10:15+05:00","timestamp":"2025-01-30T22:10:15+05:00","user_id":"1"}
{"action":"Smartphone","level":"info","msg":"User action logged","page":"1","time":"2025-01-30T22:10:56+05:00","timestamp":"2025-01-30T22:10:56+05:00","user_id":"1"}
{"action":"Smartphone","level":"info","msg":"User action logged","page":"1","time":"2025-01-30T22:10:57+05:00","timestamp":"2025-01-30T22:10:57+05:00","user_id":"1"}
{"action":"Smartphone","level":"info","msg":"User action logged","page":"1","time":"2025-01-30T22:10:57+05:00","timestamp":"2025-01-30T22:10:57+05:00","user_id":"1"}
{"action":"Smartphone","level":"info","msg":"User action logged","page":"1","time":"2025-01-30T22:10:57+05:00","timestamp":"2025-01-30T22:10:57+05:00","user_id":"1"}
{"action":"Smartphone","level":"info","msg":"User action logged","page":"1","time":"2025-01-30T22:13:19+05:00","timestamp":"2025-01-30T22:13:19+05:00","user_id":"1"}
{"action":"Smartphone","level":"info","msg":"User action logged","page":"1","time":"2025-01-30T22:13:37+05:00","timestamp":"2025-01-30T22:13:37+05:00","user_id":"1"}
{"Page Pagination":1,"action":"get Products","filter":null,"level":"info","msg":"User action logged","page":"produtcs","sort":"","time":"2025-01-30T22:17:12+05:00","timestamp":"2025-01-30T22:17:12+05:00","user_id":"1"}
{"action":"Smartphone","level":"info","msg":"User action logged","page":"1","time":"2025-01-30T22:17:16+05:00","timestamp":"2025-01-30T22:17:16+05:00","user_id":"1"}
{"action":"Smartphone","level":"info","msg":"User action logged","page":"1","time":"2025-01-30T22:18:22+05:00","timestamp":"2025-01-30T22:18:22+05:00","user_id":"1"}
{"action":"Smartphone","level":"info","msg":"User action logged","page":"1","time":"2025-01-30T22:19:46+05:00","timestamp":"2025-01-30T22:19:46+05:00","user_id":"1"}
{"action":"Smartphone","level":"info","msg":"User action logged","page":"1","time":"2025-01-30T22:19:47+05:00","timestamp":"2025-01-30T22:19:47+05:00","user_id":"1"}
{"action":"Smartphone","level":"info","msg":"User action logged","page":"1","time":"2025-01-30T22:21:35+05:00","timestamp":"2025-01-30T22:21:35+05:00","user_id":"1"}
{"action":"Smartphone","level":"info","msg":"User action logged","page":"1","time":"2025-01-30T22:22:19+05:00","timestamp":"2025-01-30T22:22:19+05:00","user_id":"1"}
{"action":"Smartphone","level":"info","msg":"User action logged","page":"1","time":"2025-01-30T22:22:20+05:00","timestamp":"2025-01-30T22:22:20+05:00","user_id":"1"}
{"action":"Smartphone","level":"info","msg":"User action logged","page":"1","time":"2025-01-30T22:22:20+05:00","timestamp":"2025-01-30T22:22:20+05:00","user_id":"1"}
{"action":"Smartphone","level":"info","msg":"User action logged","page":"1","time":"2025-01-30T22:22:20+05:00","timestamp":"2025-01-30T22:22:20+05:00","user_id":"1"}
{"action":"Smartphone","level":"info","msg":"User action logged","page":"1","time":"2025-01-30T22:22:54+05:00","timestamp":"2025-01-30T22:22:54+05:00","user_id":"1"}
{"action":"Smartphone","level":"info","msg":"User action logged","page":"1","time":"2025-01-30T22:24:25+05:00","timestamp":"2025-01-30T22:24:25+05:00","user_id":"1"}
{"action":"Smartphone","level":"info","msg":"User action logged","page":"1","time":"2025-01-30T22:28:50+05:00","timestamp":"2025-01-30T22:28:50+05:00","user_id":"1"}
{"action":"Smartphone","level":"info","msg":"User action logged","page":"1","time":"2025-01-30T22:29:35+05:00","timestamp":"2025-01-30T22:29:35+05:00","user_id":"1"}
{"action":"Smartphone","level":"info","msg":"User action logged","page":"1","time":"2025-01-30T22:29:36+05:00","timestamp":"2025-01-30T22:29:36+05:00","user_id":"1"}
{"action":"Smartphone","level":"info","msg":"User action logged","page":"1","time":"2025-01-30T22:29:36+05:00","timestamp":"2025-01-30T22:29:36+05:00","user_id":"1"}
{"action":"Smartphone","level":"info","msg":"User action logged","page":"1","time":"2025-01-30T22:29:36+05:00","timestamp":"2025-01-30T22:29:36+05:00","user_id":"1"}
{"action":"Smartphone","level":"info","msg":"User action logged","page":"1","time":"2025-01-30T22:30:42+05:00","timestamp":"2025-01-30T22:30:42+05:00","user_id":"1"}
{"Page Pagination":1,"action":"get Products","filter":null,"level":"info","msg":"User action logged","page":"produtcs","sort":"","time":"2025-01-30T23:14:21+05:00","timestamp":"2025-01-30T23:14:21+05:00","user_id":"1"}
{"Page Pagination":1,"action":"get Products","filter":null,"level":"info","msg":"User action logged","page":"produtcs","sort":"","time":"2025-01-30T23:15:21+05:00","timestamp":"2025-01-30T23:15:21+05:00","user_id":"1"}
{"Page Pagination":1,"action":"get Products","filter":null,"level":"info","msg":"User action logged","page":"produtcs","sort":"","time":"2025-01-30T23:27:02+05:00","timestamp":"2025-01-30T23:27:02+05:00","user_id":"1"}
{"Page Pagination":1,"action":"get Products","filter":null,"level":"info","msg":"User action logged","page":"produtcs","sort":"","time":"2025-01-30T23:27:04+05:00","timestamp":"2025-01-30T23:27:04+05:00","user_id":"1"}
{"Page Pagination":1,"action":"get Products","filter":null,"level":"info","msg":"User action logged","page":"produtcs","sort":"","time":"2025-01-30T23:30:38+05:00","timestamp":"2025-01-30T23:30:38+05:00","user_id":"1"}
{"action":"Smartphone","level":"info","msg":"User action logged","page":"1","time":"2025-01-30T23:31:05+05:00","timestamp":"2025-01-30T23:31:05+05:00","user_id":"1"}
{"Page Pagination":1,"action":"get Products","filter":null,"level":"info","msg":"User action logged","page":"produtcs","sort":"","time":"2025-01-30T23:31:13+05:00","timestamp":"2025-01-30T23:31:13+05:00","user_id":"1"}
{"Page Pagination":1,"action":"get Products","filter":null,"level":"info","msg":"User action logged","page":"produtcs","sort":"","time":"2025-01-30T23:31:52+05:00","timestamp":"2025-01-30T23:31:52+05:00","user_id":"1"}
